<?xml version="1.0" encoding="UTF-8"?>
<!-- Generated by org.testng.reporters.JUnitReportReporter -->
<testsuite skipped="0" hostname="LV-IND-LPT-226" name="com.livevox.clientRateCalcualtaion.ClientRateTest" tests="1" failures="0" timestamp="04 Jan 2020 15:59:38 GMT" time="6.872" errors="0">
  <testcase name="getClinetRate" time="6.872" classname="com.livevox.clientRateCalcualtaion.ClientRateTest"/>
</testsuite> <!-- com.livevox.clientRateCalcualtaion.ClientRateTest -->
