<?xml version="1.0" encoding="UTF-8"?>
<!-- Generated by org.testng.reporters.JUnitReportReporter -->
<testsuite skipped="0" hostname="LV-IND-LPT-226" name="com.livevox.clientRateCalcualtaion.LoginTest" tests="1" failures="0" timestamp="04 Jan 2020 05:32:51 GMT" time="0.005" errors="0">
  <testcase name="test" time="0.005" classname="com.livevox.clientRateCalcualtaion.LoginTest"/>
</testsuite> <!-- com.livevox.clientRateCalcualtaion.LoginTest -->
