<?xml version="1.0" encoding="UTF-8"?>
<!-- Generated by org.testng.reporters.JUnitReportReporter -->
<testsuite skipped="0" hostname="LV-IND-LPT-226" name="com.livevox.clientRateCalcualtaion.CallerIdTest" tests="1" failures="0" timestamp="06 Jan 2020 02:31:20 GMT" time="2.773" errors="0">
  <testcase name="getSkillDetails" time="2.773" classname="com.livevox.clientRateCalcualtaion.CallerIdTest"/>
</testsuite> <!-- com.livevox.clientRateCalcualtaion.CallerIdTest -->
